
2025-08-28 13:20:51,011 - INFO - Ingesting File: begin_inventory.csv in db
2025-08-28 13:20:53,518 - INFO - Ingesting File: end_inventory.csv in db
2025-08-28 13:21:03,332 - INFO - Ingesting File: purchases.csv in db
2025-08-28 13:21:32,176 - INFO - Ingesting File: purchase_prices.csv in db
2025-08-28 13:21:58,696 - INFO - Ingesting File: sales.csv in db
2025-08-28 13:31:00,901 - INFO - Starting ingestion for data\begin_inventory.csv in chunks of 100000
2025-08-28 13:31:02,634 - INFO - Loaded chunk 1 for data\begin_inventory.csv
2025-08-28 13:31:03,790 - INFO - Loaded chunk 2 for data\begin_inventory.csv
2025-08-28 13:31:04,055 - INFO - Loaded chunk 3 for data\begin_inventory.csv
2025-08-28 13:31:04,056 - INFO - Completed ingestion for data\begin_inventory.csv
2025-08-28 13:31:04,057 - INFO - Starting ingestion for data\end_inventory.csv in chunks of 100000
2025-08-28 13:31:05,566 - INFO - Loaded chunk 1 for data\end_inventory.csv
2025-08-28 13:31:06,873 - INFO - Loaded chunk 2 for data\end_inventory.csv
2025-08-28 13:31:07,345 - INFO - Loaded chunk 3 for data\end_inventory.csv
2025-08-28 13:31:07,346 - INFO - Completed ingestion for data\end_inventory.csv
2025-08-28 13:31:07,348 - INFO - Starting ingestion for data\purchases.csv in chunks of 100000
2025-08-28 13:31:09,117 - INFO - Loaded chunk 1 for data\purchases.csv
2025-08-28 13:31:10,697 - INFO - Loaded chunk 2 for data\purchases.csv
2025-08-28 13:31:13,262 - INFO - Loaded chunk 3 for data\purchases.csv
2025-08-28 13:31:14,854 - INFO - Loaded chunk 4 for data\purchases.csv
2025-08-28 13:31:16,736 - INFO - Loaded chunk 5 for data\purchases.csv
2025-08-28 13:31:18,702 - INFO - Loaded chunk 6 for data\purchases.csv
2025-08-28 13:31:20,915 - INFO - Loaded chunk 7 for data\purchases.csv
2025-08-28 13:31:23,131 - INFO - Loaded chunk 8 for data\purchases.csv
2025-08-28 13:31:25,049 - INFO - Loaded chunk 9 for data\purchases.csv
2025-08-28 13:31:27,057 - INFO - Loaded chunk 10 for data\purchases.csv
2025-08-28 13:31:28,983 - INFO - Loaded chunk 11 for data\purchases.csv
2025-08-28 13:31:31,150 - INFO - Loaded chunk 12 for data\purchases.csv
2025-08-28 13:31:33,716 - INFO - Loaded chunk 13 for data\purchases.csv
2025-08-28 13:31:36,048 - INFO - Loaded chunk 14 for data\purchases.csv
2025-08-28 13:31:38,440 - INFO - Loaded chunk 15 for data\purchases.csv
2025-08-28 13:31:40,408 - INFO - Loaded chunk 16 for data\purchases.csv
2025-08-28 13:31:42,743 - INFO - Loaded chunk 17 for data\purchases.csv
2025-08-28 13:31:44,905 - INFO - Loaded chunk 18 for data\purchases.csv
2025-08-28 13:31:47,036 - INFO - Loaded chunk 19 for data\purchases.csv
2025-08-28 13:31:49,828 - INFO - Loaded chunk 20 for data\purchases.csv
2025-08-28 13:31:52,547 - INFO - Loaded chunk 21 for data\purchases.csv
2025-08-28 13:31:55,803 - INFO - Loaded chunk 22 for data\purchases.csv
2025-08-28 13:31:58,847 - INFO - Loaded chunk 23 for data\purchases.csv
2025-08-28 13:32:00,845 - INFO - Loaded chunk 24 for data\purchases.csv
2025-08-28 13:32:00,846 - INFO - Completed ingestion for data\purchases.csv
2025-08-28 13:32:00,855 - INFO - Starting ingestion for data\purchase_prices.csv in chunks of 100000
2025-08-28 13:32:01,386 - INFO - Loaded chunk 1 for data\purchase_prices.csv
2025-08-28 13:32:01,387 - INFO - Completed ingestion for data\purchase_prices.csv
2025-08-28 13:32:01,388 - INFO - Starting ingestion for data\sales.csv in chunks of 100000
2025-08-28 13:32:04,034 - INFO - Loaded chunk 1 for data\sales.csv
2025-08-28 13:32:06,201 - INFO - Loaded chunk 2 for data\sales.csv
2025-08-28 13:32:08,371 - INFO - Loaded chunk 3 for data\sales.csv
2025-08-28 13:32:10,671 - INFO - Loaded chunk 4 for data\sales.csv
2025-08-28 13:32:12,824 - INFO - Loaded chunk 5 for data\sales.csv
2025-08-28 13:32:14,906 - INFO - Loaded chunk 6 for data\sales.csv
2025-08-28 13:32:16,971 - INFO - Loaded chunk 7 for data\sales.csv
2025-08-28 13:32:18,988 - INFO - Loaded chunk 8 for data\sales.csv
2025-08-28 13:32:21,234 - INFO - Loaded chunk 9 for data\sales.csv
2025-08-28 13:32:23,070 - INFO - Loaded chunk 10 for data\sales.csv
2025-08-28 13:32:25,016 - INFO - Loaded chunk 11 for data\sales.csv
2025-08-28 13:32:26,988 - INFO - Loaded chunk 12 for data\sales.csv
2025-08-28 13:32:29,087 - INFO - Loaded chunk 13 for data\sales.csv
2025-08-28 13:32:31,215 - INFO - Loaded chunk 14 for data\sales.csv
2025-08-28 13:32:33,690 - INFO - Loaded chunk 15 for data\sales.csv
2025-08-28 13:32:36,408 - INFO - Loaded chunk 16 for data\sales.csv
2025-08-28 13:32:38,985 - INFO - Loaded chunk 17 for data\sales.csv
2025-08-28 13:32:41,244 - INFO - Loaded chunk 18 for data\sales.csv
2025-08-28 13:32:43,173 - INFO - Loaded chunk 19 for data\sales.csv
2025-08-28 13:32:45,402 - INFO - Loaded chunk 20 for data\sales.csv
2025-08-28 13:32:47,397 - INFO - Loaded chunk 21 for data\sales.csv
2025-08-28 13:32:49,615 - INFO - Loaded chunk 22 for data\sales.csv
2025-08-28 13:32:52,192 - INFO - Loaded chunk 23 for data\sales.csv
2025-08-28 13:32:54,129 - INFO - Loaded chunk 24 for data\sales.csv
2025-08-28 13:32:55,572 - INFO - Loaded chunk 25 for data\sales.csv
2025-08-28 13:32:57,384 - INFO - Loaded chunk 26 for data\sales.csv
2025-08-28 13:32:58,943 - INFO - Loaded chunk 27 for data\sales.csv
2025-08-28 13:33:00,311 - INFO - Loaded chunk 28 for data\sales.csv
2025-08-28 13:33:01,805 - INFO - Loaded chunk 29 for data\sales.csv
2025-08-28 13:33:03,239 - INFO - Loaded chunk 30 for data\sales.csv
2025-08-28 13:33:04,805 - INFO - Loaded chunk 31 for data\sales.csv
2025-08-28 13:33:06,746 - INFO - Loaded chunk 32 for data\sales.csv
2025-08-28 13:33:09,018 - INFO - Loaded chunk 33 for data\sales.csv
2025-08-28 13:33:11,266 - INFO - Loaded chunk 34 for data\sales.csv
2025-08-28 13:33:13,429 - INFO - Loaded chunk 35 for data\sales.csv
2025-08-28 13:33:15,707 - INFO - Loaded chunk 36 for data\sales.csv
2025-08-28 13:33:18,428 - INFO - Loaded chunk 37 for data\sales.csv
2025-08-28 13:33:20,663 - INFO - Loaded chunk 38 for data\sales.csv
2025-08-28 13:33:23,180 - INFO - Loaded chunk 39 for data\sales.csv
2025-08-28 13:33:25,131 - INFO - Loaded chunk 40 for data\sales.csv
2025-08-28 13:33:27,110 - INFO - Loaded chunk 41 for data\sales.csv
2025-08-28 13:33:29,080 - INFO - Loaded chunk 42 for data\sales.csv
2025-08-28 13:33:31,147 - INFO - Loaded chunk 43 for data\sales.csv
2025-08-28 13:33:33,151 - INFO - Loaded chunk 44 for data\sales.csv
2025-08-28 13:33:35,322 - INFO - Loaded chunk 45 for data\sales.csv
2025-08-28 13:33:38,138 - INFO - Loaded chunk 46 for data\sales.csv
2025-08-28 13:33:40,584 - INFO - Loaded chunk 47 for data\sales.csv
2025-08-28 13:33:42,086 - INFO - Loaded chunk 48 for data\sales.csv
2025-08-28 13:33:43,961 - INFO - Loaded chunk 49 for data\sales.csv
2025-08-28 13:33:45,483 - INFO - Loaded chunk 50 for data\sales.csv
2025-08-28 13:33:46,986 - INFO - Loaded chunk 51 for data\sales.csv
2025-08-28 13:33:48,812 - INFO - Loaded chunk 52 for data\sales.csv
2025-08-28 13:33:50,631 - INFO - Loaded chunk 53 for data\sales.csv
2025-08-28 13:33:52,296 - INFO - Loaded chunk 54 for data\sales.csv
2025-08-28 13:33:53,845 - INFO - Loaded chunk 55 for data\sales.csv
2025-08-28 13:33:55,453 - INFO - Loaded chunk 56 for data\sales.csv
2025-08-28 13:33:57,096 - INFO - Loaded chunk 57 for data\sales.csv
2025-08-28 13:33:58,601 - INFO - Loaded chunk 58 for data\sales.csv
2025-08-28 13:34:00,195 - INFO - Loaded chunk 59 for data\sales.csv
2025-08-28 13:34:01,908 - INFO - Loaded chunk 60 for data\sales.csv
2025-08-28 13:34:03,600 - INFO - Loaded chunk 61 for data\sales.csv
2025-08-28 13:34:05,159 - INFO - Loaded chunk 62 for data\sales.csv
2025-08-28 13:34:06,742 - INFO - Loaded chunk 63 for data\sales.csv
2025-08-28 13:34:08,182 - INFO - Loaded chunk 64 for data\sales.csv
2025-08-28 13:34:10,126 - INFO - Loaded chunk 65 for data\sales.csv
2025-08-28 13:34:11,637 - INFO - Loaded chunk 66 for data\sales.csv
2025-08-28 13:34:13,238 - INFO - Loaded chunk 67 for data\sales.csv
2025-08-28 13:34:15,036 - INFO - Loaded chunk 68 for data\sales.csv
2025-08-28 13:34:16,578 - INFO - Loaded chunk 69 for data\sales.csv
2025-08-28 13:34:18,115 - INFO - Loaded chunk 70 for data\sales.csv
2025-08-28 13:34:19,616 - INFO - Loaded chunk 71 for data\sales.csv
2025-08-28 13:34:21,160 - INFO - Loaded chunk 72 for data\sales.csv
2025-08-28 13:34:22,659 - INFO - Loaded chunk 73 for data\sales.csv
2025-08-28 13:34:24,099 - INFO - Loaded chunk 74 for data\sales.csv
2025-08-28 13:34:25,533 - INFO - Loaded chunk 75 for data\sales.csv
2025-08-28 13:34:27,155 - INFO - Loaded chunk 76 for data\sales.csv
2025-08-28 13:34:28,750 - INFO - Loaded chunk 77 for data\sales.csv
2025-08-28 13:34:30,553 - INFO - Loaded chunk 78 for data\sales.csv
2025-08-28 13:34:32,043 - INFO - Loaded chunk 79 for data\sales.csv
2025-08-28 13:34:33,599 - INFO - Loaded chunk 80 for data\sales.csv
2025-08-28 13:34:35,398 - INFO - Loaded chunk 81 for data\sales.csv
2025-08-28 13:34:36,984 - INFO - Loaded chunk 82 for data\sales.csv
2025-08-28 13:34:38,573 - INFO - Loaded chunk 83 for data\sales.csv
2025-08-28 13:34:40,240 - INFO - Loaded chunk 84 for data\sales.csv
2025-08-28 13:34:42,446 - INFO - Loaded chunk 85 for data\sales.csv
2025-08-28 13:34:44,810 - INFO - Loaded chunk 86 for data\sales.csv
2025-08-28 13:34:47,273 - INFO - Loaded chunk 87 for data\sales.csv
2025-08-28 13:34:49,483 - INFO - Loaded chunk 88 for data\sales.csv
2025-08-28 13:34:51,918 - INFO - Loaded chunk 89 for data\sales.csv
2025-08-28 13:34:54,152 - INFO - Loaded chunk 90 for data\sales.csv
2025-08-28 13:34:56,158 - INFO - Loaded chunk 91 for data\sales.csv
2025-08-28 13:34:58,322 - INFO - Loaded chunk 92 for data\sales.csv
2025-08-28 13:35:00,347 - INFO - Loaded chunk 93 for data\sales.csv
2025-08-28 13:35:02,301 - INFO - Loaded chunk 94 for data\sales.csv
2025-08-28 13:35:04,560 - INFO - Loaded chunk 95 for data\sales.csv
2025-08-28 13:35:07,072 - INFO - Loaded chunk 96 for data\sales.csv
2025-08-28 13:35:08,965 - INFO - Loaded chunk 97 for data\sales.csv
2025-08-28 13:35:11,403 - INFO - Loaded chunk 98 for data\sales.csv
2025-08-28 13:35:13,315 - INFO - Loaded chunk 99 for data\sales.csv
2025-08-28 13:35:15,502 - INFO - Loaded chunk 100 for data\sales.csv
2025-08-28 13:35:17,819 - INFO - Loaded chunk 101 for data\sales.csv
2025-08-28 13:35:19,940 - INFO - Loaded chunk 102 for data\sales.csv
2025-08-28 13:35:22,346 - INFO - Loaded chunk 103 for data\sales.csv
2025-08-28 13:35:24,413 - INFO - Loaded chunk 104 for data\sales.csv
2025-08-28 13:35:26,709 - INFO - Loaded chunk 105 for data\sales.csv
2025-08-28 13:35:28,968 - INFO - Loaded chunk 106 for data\sales.csv
2025-08-28 13:35:31,015 - INFO - Loaded chunk 107 for data\sales.csv
2025-08-28 13:35:33,389 - INFO - Loaded chunk 108 for data\sales.csv
2025-08-28 13:35:35,571 - INFO - Loaded chunk 109 for data\sales.csv
2025-08-28 13:35:37,751 - INFO - Loaded chunk 110 for data\sales.csv
2025-08-28 13:35:39,674 - INFO - Loaded chunk 111 for data\sales.csv
2025-08-28 13:35:41,669 - INFO - Loaded chunk 112 for data\sales.csv
2025-08-28 13:35:43,848 - INFO - Loaded chunk 113 for data\sales.csv
2025-08-28 13:35:46,035 - INFO - Loaded chunk 114 for data\sales.csv
2025-08-28 13:35:48,483 - INFO - Loaded chunk 115 for data\sales.csv
2025-08-28 13:35:50,617 - INFO - Loaded chunk 116 for data\sales.csv
2025-08-28 13:35:52,918 - INFO - Loaded chunk 117 for data\sales.csv
2025-08-28 13:35:55,634 - INFO - Loaded chunk 118 for data\sales.csv
2025-08-28 13:35:57,674 - INFO - Loaded chunk 119 for data\sales.csv
2025-08-28 13:36:00,181 - INFO - Loaded chunk 120 for data\sales.csv
2025-08-28 13:36:02,407 - INFO - Loaded chunk 121 for data\sales.csv
2025-08-28 13:36:04,583 - INFO - Loaded chunk 122 for data\sales.csv
2025-08-28 13:36:06,794 - INFO - Loaded chunk 123 for data\sales.csv
2025-08-28 13:36:08,940 - INFO - Loaded chunk 124 for data\sales.csv
2025-08-28 13:36:10,715 - INFO - Loaded chunk 125 for data\sales.csv
2025-08-28 13:36:12,060 - INFO - Loaded chunk 126 for data\sales.csv
2025-08-28 13:36:13,527 - INFO - Loaded chunk 127 for data\sales.csv
2025-08-28 13:36:15,566 - INFO - Loaded chunk 128 for data\sales.csv
2025-08-28 13:36:16,119 - INFO - Loaded chunk 129 for data\sales.csv
2025-08-28 13:36:16,121 - INFO - Completed ingestion for data\sales.csv
2025-08-28 13:36:16,122 - INFO - Starting ingestion for data\vendor_invoice.csv in chunks of 100000
2025-08-28 13:36:16,532 - INFO - Loaded chunk 1 for data\vendor_invoice.csv
2025-08-28 13:36:16,532 - INFO - Completed ingestion for data\vendor_invoice.csv
2025-08-28 13:36:16,532 - INFO - Ingestion Complete Successfully
2025-08-28 13:36:16,532 - INFO - Total ingestion time: 5.26 minutes
